0 silly argv {
0 silly argv   _: [ 'publish' ],
0 silly argv   composed: 'publish',
0 silly argv   lernaVersion: '4.0.0',
0 silly argv   '$0': 'lerna'
0 silly argv }
1 notice cli v4.0.0
2 verbose rootPath /Users/a58/Desktop/Study/stencil学习/sten-design/sten-design
3 info versioning independent
4 verbose session bd57b6b1cbefb49d
5 verbose user-agent lerna/4.0.0/node@v18.20.4+arm64 (darwin)
6 silly argv { _: [ 'publish' ], composed: 'publish', lernaVersion: '4.0.0' }
7 verbose rootPath /Users/a58/Desktop/Study/stencil学习/sten-design/sten-design
8 silly isAnythingCommitted
9 verbose isAnythingCommitted 1
10 silly getCurrentBranch
11 verbose currentBranch test111
12 silly remoteBranchExists
13 silly isBehindUpstream
14 silly isBehindUpstream test111 is behind origin/test111 by 0 commit(s) and ahead by 0
15 silly hasTags
16 verbose hasTags true
17 silly git-describe.sync "@sten-design/components@1.0.2-6-g5bf4d93" => {"lastTagName":"@sten-design/components@1.0.2","lastVersion":"1.0.2","refCount":"6","sha":"5bf4d93","isDirty":false}
18 info Looking for changed packages since @sten-design/components@1.0.2
19 silly checking diff packages/sten-components
20 silly found diff in packages/sten-components/package.json
21 verbose filtered diff [ 'packages/sten-components/package.json' ]
22 silly checking diff packages/sten-icons
23 silly found diff in packages/sten-icons/index.ts
24 verbose filtered diff [ 'packages/sten-icons/index.ts' ]
25 silly checking diff packages/sten-themes
26 silly found diff in packages/sten-themes/index.js
26 silly found diff in packages/sten-themes/package.json
27 verbose filtered diff [
27 verbose filtered diff   'packages/sten-themes/index.js',
27 verbose filtered diff   'packages/sten-themes/package.json'
27 verbose filtered diff ]
28 verbose updated @sten-design/components
29 verbose updated @sten-design/icons
30 verbose updated @sten-design/themes
31 verbose git-describe undefined => "@sten-design/components@1.0.2-6-g5bf4d93"
32 silly git-describe parsed => {"lastTagName":"@sten-design/components@1.0.2","lastVersion":"1.0.2","refCount":"6","sha":"5bf4d93","isDirty":false}
33 info execute Skipping releases
34 silly lifecycle No script for "preversion" in "root", continuing
35 silly lifecycle No script for "preversion" in "@sten-design/icons", continuing
36 silly lifecycle No script for "preversion" in "@sten-design/themes", continuing
37 silly lifecycle No script for "version" in "@sten-design/icons", continuing
38 silly lifecycle No script for "version" in "@sten-design/themes", continuing
39 silly lifecycle No script for "preversion" in "@sten-design/components", continuing
40 silly lifecycle No script for "version" in "@sten-design/components", continuing
41 silly lifecycle No script for "version" in "root", continuing
42 silly gitAdd [
42 silly gitAdd   'packages/sten-icons/package.json',
42 silly gitAdd   'packages/sten-themes/package.json',
42 silly gitAdd   'packages/sten-components/package.json'
42 silly gitAdd ]
43 silly gitCommit Publish
43 silly gitCommit
43 silly gitCommit  - @sten-design/components@1.0.3
43 silly gitCommit  - @sten-design/icons@1.0.2
43 silly gitCommit  - @sten-design/themes@1.0.3
44 verbose git [
44 verbose git   'commit',
44 verbose git   '-F',
44 verbose git   '/private/var/folders/qg/fg943qvs6t1dzvctcw7rbrw80000gn/T/07e7eadc-35da-44b9-822f-c325f77cc81b/lerna-commit.txt'
44 verbose git ]
45 silly gitTag @sten-design/components@1.0.3
46 verbose git [
46 verbose git   'tag',
46 verbose git   '@sten-design/components@1.0.3',
46 verbose git   '-m',
46 verbose git   '@sten-design/components@1.0.3'
46 verbose git ]
47 silly gitTag @sten-design/icons@1.0.2
48 verbose git [ 'tag', '@sten-design/icons@1.0.2', '-m', '@sten-design/icons@1.0.2' ]
49 silly gitTag @sten-design/themes@1.0.3
50 verbose git [
50 verbose git   'tag',
50 verbose git   '@sten-design/themes@1.0.3',
50 verbose git   '-m',
50 verbose git   '@sten-design/themes@1.0.3'
50 verbose git ]
51 silly lifecycle No script for "postversion" in "@sten-design/components", continuing
52 silly lifecycle No script for "postversion" in "@sten-design/icons", continuing
53 silly lifecycle No script for "postversion" in "@sten-design/themes", continuing
54 silly lifecycle No script for "postversion" in "root", continuing
55 info git Pushing tags...
56 silly gitPush origin test111
57 info publish Publishing packages to npm...
58 notice Skipping all user and access validation due to third-party registry
59 notice Make sure you're authenticated properly ¯\_(ツ)_/¯
60 warn ENOLICENSE Packages @sten-design/components, @sten-design/icons, and @sten-design/themes are missing a license.
60 warn ENOLICENSE One way to fix this is to add a LICENSE.md file to the root of this repository.
60 warn ENOLICENSE See https://choosealicense.com for additional guidance.
61 silly getCurrentSHA
62 verbose getCurrentSHA 51c9d4cce8c5604f0e0a318a85b5d8443e690f0d
63 silly lifecycle No script for "prepublish" in "root", continuing
64 silly lifecycle No script for "prepare" in "root", continuing
65 silly lifecycle No script for "prepublishOnly" in "root", continuing
66 silly lifecycle No script for "prepack" in "root", continuing
67 verbose pack-directory packages/sten-icons
68 verbose pack-directory packages/sten-themes
69 silly lifecycle No script for "prepublish" in "@sten-design/icons", continuing
70 silly lifecycle No script for "prepublish" in "@sten-design/themes", continuing
71 silly lifecycle No script for "prepare" in "@sten-design/icons", continuing
72 silly lifecycle No script for "prepare" in "@sten-design/themes", continuing
73 silly lifecycle No script for "prepublishOnly" in "@sten-design/icons", continuing
74 silly lifecycle No script for "prepublishOnly" in "@sten-design/themes", continuing
75 silly lifecycle No script for "prepack" in "@sten-design/icons", continuing
76 silly lifecycle No script for "prepack" in "@sten-design/themes", continuing
77 silly lifecycle No script for "postpack" in "@sten-design/icons", continuing
78 verbose packed packages/sten-icons
79 silly lifecycle No script for "postpack" in "@sten-design/themes", continuing
80 verbose packed packages/sten-themes
81 verbose pack-directory packages/sten-components
82 silly lifecycle No script for "prepublish" in "@sten-design/components", continuing
83 silly lifecycle No script for "prepare" in "@sten-design/components", continuing
84 silly lifecycle No script for "prepublishOnly" in "@sten-design/components", continuing
85 silly lifecycle No script for "prepack" in "@sten-design/components", continuing
86 silly lifecycle No script for "postpack" in "@sten-design/components", continuing
87 verbose packed packages/sten-components
88 silly lifecycle No script for "postpack" in "root", continuing
89 verbose publish @sten-design/icons
90 verbose publish @sten-design/themes
91 silly FetchError: request to http://ires.58corp.com/repository/58npm/@sten-design%2ficons failed, reason: connect ETIMEDOUT 10.33.30.174:80
91 silly     at ClientRequest.<anonymous> (/Users/a58/Desktop/Study/stencil学习/sten-design/sten-design/node_modules/.pnpm/minipass-fetch@1.4.1/node_modules/minipass-fetch/lib/index.js:110:14)
91 silly     at ClientRequest.emit (node:events:517:28)
91 silly     at Socket.socketErrorListener (node:_http_client:501:9)
91 silly     at Socket.emit (node:events:529:35)
91 silly     at emitErrorNT (node:internal/streams/destroy:151:8)
91 silly     at emitErrorCloseNT (node:internal/streams/destroy:116:3)
91 silly     at process.processTicksAndRejections (node:internal/process/task_queues:82:21)
91 silly  FetchError: request to http://ires.58corp.com/repository/58npm/@sten-design%2ficons failed, reason: connect ETIMEDOUT 10.33.30.174:80
91 silly     at ClientRequest.<anonymous> (/Users/a58/Desktop/Study/stencil学习/sten-design/sten-design/node_modules/.pnpm/minipass-fetch@1.4.1/node_modules/minipass-fetch/lib/index.js:110:14)
91 silly     at ClientRequest.emit (node:events:517:28)
91 silly     at Socket.socketErrorListener (node:_http_client:501:9)
91 silly     at Socket.emit (node:events:529:35)
91 silly     at emitErrorNT (node:internal/streams/destroy:151:8)
91 silly     at emitErrorCloseNT (node:internal/streams/destroy:116:3)
91 silly     at process.processTicksAndRejections (node:internal/process/task_queues:82:21) {
91 silly   code: 'ETIMEDOUT',
91 silly   errno: 'ETIMEDOUT',
91 silly   syscall: 'connect',
91 silly   address: '10.33.30.174',
91 silly   port: 80,
91 silly   type: 'system'
91 silly }
92 error ETIMEDOUT request to http://ires.58corp.com/repository/58npm/@sten-design%2ficons failed, reason: connect ETIMEDOUT 10.33.30.174:80
93 error FetchError: request to http://ires.58corp.com/repository/58npm/@sten-design%2ficons failed, reason: connect ETIMEDOUT 10.33.30.174:80
93 error     at ClientRequest.<anonymous> (/Users/a58/Desktop/Study/stencil学习/sten-design/sten-design/node_modules/.pnpm/minipass-fetch@1.4.1/node_modules/minipass-fetch/lib/index.js:110:14)
93 error     at ClientRequest.emit (node:events:517:28)
93 error     at Socket.socketErrorListener (node:_http_client:501:9)
93 error     at Socket.emit (node:events:529:35)
93 error     at emitErrorNT (node:internal/streams/destroy:151:8)
93 error     at emitErrorCloseNT (node:internal/streams/destroy:116:3)
